0 info it worked if it ends with ok
1 verbose cli [ 'node', '/usr/bin/npm', 'install', '-g', 'gulp' ]
2 info using npm@3.7.1
3 info using node@v0.10.41
4 verbose node symlink /usr/bin/node
5 silly loadCurrentTree Starting
6 silly install loadCurrentTree
7 silly install readGlobalPackageData
8 silly fetchPackageMetaData gulp
9 silly fetchNamedPackageData gulp
10 silly mapToRegistry name gulp
11 silly mapToRegistry using default registry
12 silly mapToRegistry registry https://registry.npmjs.org/
13 silly mapToRegistry uri https://registry.npmjs.org/gulp
14 verbose request uri https://registry.npmjs.org/gulp
15 verbose request no auth needed
16 info attempt registry request try #1 at 20:34:01
17 verbose request id 0b422565242ca29d
18 http request GET https://registry.npmjs.org/gulp
19 http 200 https://registry.npmjs.org/gulp
20 verbose headers { server: 'CouchDB/1.5.0 (Erlang OTP/R16B03)',
20 verbose headers   etag: '"NWYZ2IR8Z76IB63H6OKA3BR1"',
20 verbose headers   'content-type': 'application/json',
20 verbose headers   'cache-control': 'max-age=300',
20 verbose headers   'content-length': '112281',
20 verbose headers   'accept-ranges': 'bytes',
20 verbose headers   date: 'Fri, 12 Feb 2016 03:34:02 GMT',
20 verbose headers   via: '1.1 varnish',
20 verbose headers   age: '92',
20 verbose headers   connection: 'keep-alive',
20 verbose headers   'x-served-by': 'cache-ord1723-ORD',
20 verbose headers   'x-cache': 'HIT',
20 verbose headers   'x-cache-hits': '1',
20 verbose headers   'x-timer': 'S1455248042.237953,VS0,VE1',
20 verbose headers   vary: 'Accept' }
21 silly get cb [ 200,
21 silly get   { server: 'CouchDB/1.5.0 (Erlang OTP/R16B03)',
21 silly get     etag: '"NWYZ2IR8Z76IB63H6OKA3BR1"',
21 silly get     'content-type': 'application/json',
21 silly get     'cache-control': 'max-age=300',
21 silly get     'content-length': '112281',
21 silly get     'accept-ranges': 'bytes',
21 silly get     date: 'Fri, 12 Feb 2016 03:34:02 GMT',
21 silly get     via: '1.1 varnish',
21 silly get     age: '92',
21 silly get     connection: 'keep-alive',
21 silly get     'x-served-by': 'cache-ord1723-ORD',
21 silly get     'x-cache': 'HIT',
21 silly get     'x-cache-hits': '1',
21 silly get     'x-timer': 'S1455248042.237953,VS0,VE1',
21 silly get     vary: 'Accept' } ]
22 verbose get saving gulp to /home/ravitejas3/.npm/registry.npmjs.org/gulp/.cache.json
23 verbose correctMkdir /home/ravitejas3/.npm correctMkdir not in flight; initializing
24 silly install normalizeTree
25 silly loadCurrentTree Finishing
26 silly loadIdealTree Starting
27 silly install loadIdealTree
28 silly cloneCurrentTree Starting
29 silly install cloneCurrentTreeToIdealTree
30 silly cloneCurrentTree Finishing
31 silly loadShrinkwrap Starting
32 silly install loadShrinkwrap
33 silly loadShrinkwrap Finishing
34 silly loadAllDepsIntoIdealTree Starting
35 silly install loadAllDepsIntoIdealTree
36 silly resolveWithNewModule gulp@3.9.1 checking installable status
37 silly cache add args [ 'gulp', null ]
38 verbose cache add spec gulp
39 silly cache add parsed spec { raw: 'gulp',
39 silly cache add   scope: null,
39 silly cache add   name: 'gulp',
39 silly cache add   rawSpec: '',
39 silly cache add   spec: 'latest',
39 silly cache add   type: 'tag' }
40 silly addNamed gulp@latest
41 verbose addNamed "latest" is being treated as a dist-tag for gulp
42 info addNameTag [ 'gulp', 'latest' ]
43 silly mapToRegistry name gulp
44 silly mapToRegistry using default registry
45 silly mapToRegistry registry https://registry.npmjs.org/
46 silly mapToRegistry uri https://registry.npmjs.org/gulp
47 verbose addNameTag registry:https://registry.npmjs.org/gulp not in flight; fetching
48 verbose get https://registry.npmjs.org/gulp not expired, no request
49 silly addNameTag next cb for gulp with tag latest
50 silly addNamed gulp@3.9.1
51 verbose addNamed "3.9.1" is a plain semver version for gulp
52 silly mapToRegistry name gulp
53 silly mapToRegistry using default registry
54 silly mapToRegistry registry https://registry.npmjs.org/
55 silly mapToRegistry uri https://registry.npmjs.org/gulp
56 verbose addRemoteTarball https://registry.npmjs.org/gulp/-/gulp-3.9.1.tgz not in flight; adding
57 verbose addRemoteTarball [ 'https://registry.npmjs.org/gulp/-/gulp-3.9.1.tgz',
57 verbose addRemoteTarball   '571ce45928dd40af6514fc4011866016c13845b4' ]
58 info retry fetch attempt 1 at 20:34:02
59 info attempt registry request try #1 at 20:34:02
60 http fetch GET https://registry.npmjs.org/gulp/-/gulp-3.9.1.tgz
61 http fetch 200 https://registry.npmjs.org/gulp/-/gulp-3.9.1.tgz
62 silly fetchAndShaCheck shasum 571ce45928dd40af6514fc4011866016c13845b4
63 verbose addTmpTarball /tmp/npm-6759-fd5141f9/registry.npmjs.org/gulp/-/gulp-3.9.1.tgz not in flight; adding
64 verbose addTmpTarball already have metadata; skipping unpack for gulp@3.9.1
65 verbose correctMkdir /home/ravitejas3/.npm correctMkdir not in flight; initializing
66 silly cache afterAdd gulp@3.9.1
67 verbose afterAdd /home/ravitejas3/.npm/gulp/3.9.1/package/package.json not in flight; writing
68 verbose correctMkdir /home/ravitejas3/.npm correctMkdir not in flight; initializing
69 verbose afterAdd /home/ravitejas3/.npm/gulp/3.9.1/package/package.json written
70 silly fetchNamedPackageData archy
71 silly mapToRegistry name archy
72 silly mapToRegistry using default registry
73 silly mapToRegistry registry https://registry.npmjs.org/
74 silly mapToRegistry uri https://registry.npmjs.org/archy
75 silly fetchNamedPackageData chalk
76 silly mapToRegistry name chalk
77 silly mapToRegistry using default registry
78 silly mapToRegistry registry https://registry.npmjs.org/
79 silly mapToRegistry uri https://registry.npmjs.org/chalk
80 silly fetchNamedPackageData deprecated
81 silly mapToRegistry name deprecated
82 silly mapToRegistry using default registry
83 silly mapToRegistry registry https://registry.npmjs.org/
84 silly mapToRegistry uri https://registry.npmjs.org/deprecated
85 silly fetchNamedPackageData gulp-util
86 silly mapToRegistry name gulp-util
87 silly mapToRegistry using default registry
88 silly mapToRegistry registry https://registry.npmjs.org/
89 silly mapToRegistry uri https://registry.npmjs.org/gulp-util
90 silly fetchNamedPackageData interpret
91 silly mapToRegistry name interpret
92 silly mapToRegistry using default registry
93 silly mapToRegistry registry https://registry.npmjs.org/
94 silly mapToRegistry uri https://registry.npmjs.org/interpret
95 silly fetchNamedPackageData liftoff
96 silly mapToRegistry name liftoff
97 silly mapToRegistry using default registry
98 silly mapToRegistry registry https://registry.npmjs.org/
99 silly mapToRegistry uri https://registry.npmjs.org/liftoff
100 silly fetchNamedPackageData minimist
101 silly mapToRegistry name minimist
102 silly mapToRegistry using default registry
103 silly mapToRegistry registry https://registry.npmjs.org/
104 silly mapToRegistry uri https://registry.npmjs.org/minimist
105 silly fetchNamedPackageData orchestrator
106 silly mapToRegistry name orchestrator
107 silly mapToRegistry using default registry
108 silly mapToRegistry registry https://registry.npmjs.org/
109 silly mapToRegistry uri https://registry.npmjs.org/orchestrator
110 silly fetchNamedPackageData pretty-hrtime
111 silly mapToRegistry name pretty-hrtime
112 silly mapToRegistry using default registry
113 silly mapToRegistry registry https://registry.npmjs.org/
114 silly mapToRegistry uri https://registry.npmjs.org/pretty-hrtime
115 silly fetchNamedPackageData semver
116 silly mapToRegistry name semver
117 silly mapToRegistry using default registry
118 silly mapToRegistry registry https://registry.npmjs.org/
119 silly mapToRegistry uri https://registry.npmjs.org/semver
120 silly fetchNamedPackageData tildify
121 silly mapToRegistry name tildify
122 silly mapToRegistry using default registry
123 silly mapToRegistry registry https://registry.npmjs.org/
124 silly mapToRegistry uri https://registry.npmjs.org/tildify
125 silly fetchNamedPackageData v8flags
126 silly mapToRegistry name v8flags
127 silly mapToRegistry using default registry
128 silly mapToRegistry registry https://registry.npmjs.org/
129 silly mapToRegistry uri https://registry.npmjs.org/v8flags
130 silly fetchNamedPackageData vinyl-fs
131 silly mapToRegistry name vinyl-fs
132 silly mapToRegistry using default registry
133 silly mapToRegistry registry https://registry.npmjs.org/
134 silly mapToRegistry uri https://registry.npmjs.org/vinyl-fs
135 verbose request uri https://registry.npmjs.org/deprecated
136 verbose request no auth needed
137 info attempt registry request try #1 at 20:34:03
138 http request GET https://registry.npmjs.org/deprecated
139 verbose request uri https://registry.npmjs.org/gulp-util
140 verbose request no auth needed
141 info attempt registry request try #1 at 20:34:03
142 http request GET https://registry.npmjs.org/gulp-util
143 verbose request uri https://registry.npmjs.org/liftoff
144 verbose request no auth needed
145 info attempt registry request try #1 at 20:34:03
146 http request GET https://registry.npmjs.org/liftoff
147 verbose request uri https://registry.npmjs.org/pretty-hrtime
148 verbose request no auth needed
149 info attempt registry request try #1 at 20:34:03
150 http request GET https://registry.npmjs.org/pretty-hrtime
151 verbose request uri https://registry.npmjs.org/orchestrator
152 verbose request no auth needed
153 info attempt registry request try #1 at 20:34:03
154 http request GET https://registry.npmjs.org/orchestrator
155 verbose request uri https://registry.npmjs.org/tildify
156 verbose request no auth needed
157 info attempt registry request try #1 at 20:34:03
158 http request GET https://registry.npmjs.org/tildify
159 verbose request uri https://registry.npmjs.org/v8flags
160 verbose request no auth needed
161 info attempt registry request try #1 at 20:34:03
162 http request GET https://registry.npmjs.org/v8flags
163 verbose request uri https://registry.npmjs.org/vinyl-fs
164 verbose request no auth needed
165 info attempt registry request try #1 at 20:34:03
166 http request GET https://registry.npmjs.org/vinyl-fs
167 verbose request uri https://registry.npmjs.org/archy
168 verbose request no auth needed
169 info attempt registry request try #1 at 20:34:03
170 verbose etag "6BMD8BL2PPGK4YRJ2M2KO58QJ"
171 http request GET https://registry.npmjs.org/archy
172 verbose request uri https://registry.npmjs.org/chalk
173 verbose request no auth needed
174 info attempt registry request try #1 at 20:34:03
175 verbose etag "87NQ7W8R4SYILAFYAEC7CFKD1"
176 http request GET https://registry.npmjs.org/chalk
177 verbose request uri https://registry.npmjs.org/minimist
178 verbose request no auth needed
179 info attempt registry request try #1 at 20:34:03
180 verbose etag "DPBQ4VEX8XUZATO52W82S3LBM"
181 http request GET https://registry.npmjs.org/minimist
182 verbose request uri https://registry.npmjs.org/semver
183 verbose request no auth needed
184 info attempt registry request try #1 at 20:34:03
185 verbose etag "9GG2YTTRYCB0LO0F649BP4N6J"
186 http request GET https://registry.npmjs.org/semver
187 verbose request uri https://registry.npmjs.org/interpret
188 verbose request no auth needed
189 info attempt registry request try #1 at 20:34:03
190 verbose etag "6OMB7EGGRO1EVB5KZMER48B7L"
191 http request GET https://registry.npmjs.org/interpret
192 http 200 https://registry.npmjs.org/deprecated
193 verbose headers { server: 'CouchDB/1.5.0 (Erlang OTP/R16B03)',
193 verbose headers   etag: '"A0OJGOUI3CITZE9IYTTE44C2U"',
193 verbose headers   'content-type': 'application/json',
193 verbose headers   'cache-control': 'max-age=300',
193 verbose headers   'content-length': '2063',
193 verbose headers   'accept-ranges': 'bytes',
193 verbose headers   date: 'Fri, 12 Feb 2016 03:34:03 GMT',
193 verbose headers   via: '1.1 varnish',
193 verbose headers   age: '21',
193 verbose headers   connection: 'keep-alive',
193 verbose headers   'x-served-by': 'cache-ord1729-ORD',
193 verbose headers   'x-cache': 'HIT',
193 verbose headers   'x-cache-hits': '1',
193 verbose headers   'x-timer': 'S1455248043.315746,VS0,VE0',
193 verbose headers   vary: 'Accept' }
194 silly get cb [ 200,
194 silly get   { server: 'CouchDB/1.5.0 (Erlang OTP/R16B03)',
194 silly get     etag: '"A0OJGOUI3CITZE9IYTTE44C2U"',
194 silly get     'content-type': 'application/json',
194 silly get     'cache-control': 'max-age=300',
194 silly get     'content-length': '2063',
194 silly get     'accept-ranges': 'bytes',
194 silly get     date: 'Fri, 12 Feb 2016 03:34:03 GMT',
194 silly get     via: '1.1 varnish',
194 silly get     age: '21',
194 silly get     connection: 'keep-alive',
194 silly get     'x-served-by': 'cache-ord1729-ORD',
194 silly get     'x-cache': 'HIT',
194 silly get     'x-cache-hits': '1',
194 silly get     'x-timer': 'S1455248043.315746,VS0,VE0',
194 silly get     vary: 'Accept' } ]
195 verbose get saving deprecated to /home/ravitejas3/.npm/registry.npmjs.org/deprecated/.cache.json
196 verbose correctMkdir /home/ravitejas3/.npm correctMkdir not in flight; initializing
197 silly resolveWithNewModule deprecated@0.0.1 checking installable status
198 silly cache add args [ 'deprecated@^0.0.1', null ]
199 verbose cache add spec deprecated@^0.0.1
200 silly cache add parsed spec { raw: 'deprecated@^0.0.1',
200 silly cache add   scope: null,
200 silly cache add   name: 'deprecated',
200 silly cache add   rawSpec: '^0.0.1',
200 silly cache add   spec: '>=0.0.1 <0.0.2',
200 silly cache add   type: 'range' }
201 silly addNamed deprecated@>=0.0.1 <0.0.2
202 verbose addNamed ">=0.0.1 <0.0.2" is a valid semver range for deprecated
203 silly addNameRange { name: 'deprecated', range: '>=0.0.1 <0.0.2', hasData: false }
204 silly mapToRegistry name deprecated
205 silly mapToRegistry using default registry
206 silly mapToRegistry registry https://registry.npmjs.org/
207 silly mapToRegistry uri https://registry.npmjs.org/deprecated
208 verbose addNameRange registry:https://registry.npmjs.org/deprecated not in flight; fetching
209 verbose get https://registry.npmjs.org/deprecated not expired, no request
210 silly addNameRange number 2 { name: 'deprecated', range: '>=0.0.1 <0.0.2', hasData: true }
211 silly addNameRange versions [ 'deprecated', [ '0.0.1' ] ]
212 silly addNamed deprecated@0.0.1
213 verbose addNamed "0.0.1" is a plain semver version for deprecated
214 silly mapToRegistry name deprecated
215 silly mapToRegistry using default registry
216 silly mapToRegistry registry https://registry.npmjs.org/
217 silly mapToRegistry uri https://registry.npmjs.org/deprecated
218 verbose addRemoteTarball https://registry.npmjs.org/deprecated/-/deprecated-0.0.1.tgz not in flight; adding
219 verbose addRemoteTarball [ 'https://registry.npmjs.org/deprecated/-/deprecated-0.0.1.tgz',
219 verbose addRemoteTarball   'f9c9af5464afa1e7a971458a8bdef2aa94d5bb19' ]
220 info retry fetch attempt 1 at 20:34:03
221 info attempt registry request try #1 at 20:34:03
222 http fetch GET https://registry.npmjs.org/deprecated/-/deprecated-0.0.1.tgz
223 http 200 https://registry.npmjs.org/pretty-hrtime
224 verbose headers { server: 'CouchDB/1.5.0 (Erlang OTP/R16B03)',
224 verbose headers   etag: '"7JSTUAIXH2A5M15368G2Y1P35"',
224 verbose headers   'content-type': 'application/json',
224 verbose headers   'cache-control': 'max-age=300',
224 verbose headers   'content-length': '8414',
224 verbose headers   'accept-ranges': 'bytes',
224 verbose headers   date: 'Fri, 12 Feb 2016 03:34:03 GMT',
224 verbose headers   via: '1.1 varnish',
224 verbose headers   age: '268',
224 verbose headers   connection: 'keep-alive',
224 verbose headers   'x-served-by': 'cache-ord1732-ORD',
224 verbose headers   'x-cache': 'HIT',
224 verbose headers   'x-cache-hits': '1',
224 verbose headers   'x-timer': 'S1455248043.331092,VS0,VE1',
224 verbose headers   vary: 'Accept' }
225 silly get cb [ 200,
225 silly get   { server: 'CouchDB/1.5.0 (Erlang OTP/R16B03)',
225 silly get     etag: '"7JSTUAIXH2A5M15368G2Y1P35"',
225 silly get     'content-type': 'application/json',
225 silly get     'cache-control': 'max-age=300',
225 silly get     'content-length': '8414',
225 silly get     'accept-ranges': 'bytes',
225 silly get     date: 'Fri, 12 Feb 2016 03:34:03 GMT',
225 silly get     via: '1.1 varnish',
225 silly get     age: '268',
225 silly get     connection: 'keep-alive',
225 silly get     'x-served-by': 'cache-ord1732-ORD',
225 silly get     'x-cache': 'HIT',
225 silly get     'x-cache-hits': '1',
225 silly get     'x-timer': 'S1455248043.331092,VS0,VE1',
225 silly get     vary: 'Accept' } ]
226 verbose get saving pretty-hrtime to /home/ravitejas3/.npm/registry.npmjs.org/pretty-hrtime/.cache.json
227 verbose correctMkdir /home/ravitejas3/.npm correctMkdir not in flight; initializing
228 silly resolveWithNewModule pretty-hrtime@1.0.1 checking installable status
229 silly cache add args [ 'pretty-hrtime@^1.0.0', null ]
230 verbose cache add spec pretty-hrtime@^1.0.0
231 silly cache add parsed spec { raw: 'pretty-hrtime@^1.0.0',
231 silly cache add   scope: null,
231 silly cache add   name: 'pretty-hrtime',
231 silly cache add   rawSpec: '^1.0.0',
231 silly cache add   spec: '>=1.0.0 <2.0.0',
231 silly cache add   type: 'range' }
232 silly addNamed pretty-hrtime@>=1.0.0 <2.0.0
233 verbose addNamed ">=1.0.0 <2.0.0" is a valid semver range for pretty-hrtime
234 silly addNameRange { name: 'pretty-hrtime',
234 silly addNameRange   range: '>=1.0.0 <2.0.0',
234 silly addNameRange   hasData: false }
235 silly mapToRegistry name pretty-hrtime
236 silly mapToRegistry using default registry
237 silly mapToRegistry registry https://registry.npmjs.org/
238 silly mapToRegistry uri https://registry.npmjs.org/pretty-hrtime
239 verbose addNameRange registry:https://registry.npmjs.org/pretty-hrtime not in flight; fetching
240 verbose get https://registry.npmjs.org/pretty-hrtime not expired, no request
241 silly addNameRange number 2 { name: 'pretty-hrtime', range: '>=1.0.0 <2.0.0', hasData: true }
242 silly addNameRange versions [ 'pretty-hrtime',
242 silly addNameRange   [ '0.2.0', '0.2.1', '0.2.2', '1.0.0', '1.0.1' ] ]
243 silly addNamed pretty-hrtime@1.0.1
244 verbose addNamed "1.0.1" is a plain semver version for pretty-hrtime
245 silly mapToRegistry name pretty-hrtime
246 silly mapToRegistry using default registry
247 silly mapToRegistry registry https://registry.npmjs.org/
248 silly mapToRegistry uri https://registry.npmjs.org/pretty-hrtime
249 verbose addRemoteTarball https://registry.npmjs.org/pretty-hrtime/-/pretty-hrtime-1.0.1.tgz not in flight; adding
250 verbose addRemoteTarball [ 'https://registry.npmjs.org/pretty-hrtime/-/pretty-hrtime-1.0.1.tgz',
250 verbose addRemoteTarball   '1e4f952a6dd71e79199b3a73f25d7997b694ba83' ]
251 info retry fetch attempt 1 at 20:34:03
252 info attempt registry request try #1 at 20:34:03
253 http fetch GET https://registry.npmjs.org/pretty-hrtime/-/pretty-hrtime-1.0.1.tgz
254 http 200 https://registry.npmjs.org/tildify
255 verbose headers { server: 'CouchDB/1.5.0 (Erlang OTP/R16B03)',
255 verbose headers   etag: '"2CC2F7FW8M2IW3LNQX9B1US1H"',
255 verbose headers   'content-type': 'application/json',
255 verbose headers   'cache-control': 'max-age=300',
255 verbose headers   'content-length': '8169',
255 verbose headers   'accept-ranges': 'bytes',
255 verbose headers   date: 'Fri, 12 Feb 2016 03:34:03 GMT',
255 verbose headers   via: '1.1 varnish',
255 verbose headers   age: '31',
255 verbose headers   connection: 'keep-alive',
255 verbose headers   'x-served-by': 'cache-ord1729-ORD',
255 verbose headers   'x-cache': 'HIT',
255 verbose headers   'x-cache-hits': '1',
255 verbose headers   'x-timer': 'S1455248043.402394,VS0,VE0',
255 verbose headers   vary: 'Accept' }
256 silly get cb [ 200,
256 silly get   { server: 'CouchDB/1.5.0 (Erlang OTP/R16B03)',
256 silly get     etag: '"2CC2F7FW8M2IW3LNQX9B1US1H"',
256 silly get     'content-type': 'application/json',
256 silly get     'cache-control': 'max-age=300',
256 silly get     'content-length': '8169',
256 silly get     'accept-ranges': 'bytes',
256 silly get     date: 'Fri, 12 Feb 2016 03:34:03 GMT',
256 silly get     via: '1.1 varnish',
256 silly get     age: '31',
256 silly get     connection: 'keep-alive',
256 silly get     'x-served-by': 'cache-ord1729-ORD',
256 silly get     'x-cache': 'HIT',
256 silly get     'x-cache-hits': '1',
256 silly get     'x-timer': 'S1455248043.402394,VS0,VE0',
256 silly get     vary: 'Accept' } ]
257 verbose get saving tildify to /home/ravitejas3/.npm/registry.npmjs.org/tildify/.cache.json
258 verbose correctMkdir /home/ravitejas3/.npm correctMkdir not in flight; initializing
259 silly resolveWithNewModule tildify@1.1.2 checking installable status
260 silly cache add args [ 'tildify@^1.0.0', null ]
261 verbose cache add spec tildify@^1.0.0
262 silly cache add parsed spec { raw: 'tildify@^1.0.0',
262 silly cache add   scope: null,
262 silly cache add   name: 'tildify',
262 silly cache add   rawSpec: '^1.0.0',
262 silly cache add   spec: '>=1.0.0 <2.0.0',
262 silly cache add   type: 'range' }
263 silly addNamed tildify@>=1.0.0 <2.0.0
264 verbose addNamed ">=1.0.0 <2.0.0" is a valid semver range for tildify
265 silly addNameRange { name: 'tildify', range: '>=1.0.0 <2.0.0', hasData: false }
266 silly mapToRegistry name tildify
267 silly mapToRegistry using default registry
268 silly mapToRegistry registry https://registry.npmjs.org/
269 silly mapToRegistry uri https://registry.npmjs.org/tildify
270 verbose addNameRange registry:https://registry.npmjs.org/tildify not in flight; fetching
271 verbose get https://registry.npmjs.org/tildify not expired, no request
272 silly addNameRange number 2 { name: 'tildify', range: '>=1.0.0 <2.0.0', hasData: true }
273 silly addNameRange versions [ 'tildify',
273 silly addNameRange   [ '0.1.0', '0.2.0', '1.0.0', '1.1.0', '1.1.1', '1.1.2' ] ]
274 silly addNamed tildify@1.1.2
275 verbose addNamed "1.1.2" is a plain semver version for tildify
276 silly mapToRegistry name tildify
277 silly mapToRegistry using default registry
278 silly mapToRegistry registry https://registry.npmjs.org/
279 silly mapToRegistry uri https://registry.npmjs.org/tildify
280 verbose addRemoteTarball https://registry.npmjs.org/tildify/-/tildify-1.1.2.tgz not in flight; adding
281 verbose addRemoteTarball [ 'https://registry.npmjs.org/tildify/-/tildify-1.1.2.tgz',
281 verbose addRemoteTarball   '9f611d8a2e93a5e50756db040f1cd2b7fd80859d' ]
282 info retry fetch attempt 1 at 20:34:03
283 info attempt registry request try #1 at 20:34:03
284 http fetch GET https://registry.npmjs.org/tildify/-/tildify-1.1.2.tgz
285 http 200 https://registry.npmjs.org/orchestrator
286 verbose headers { server: 'CouchDB/1.5.0 (Erlang OTP/R16B03)',
286 verbose headers   etag: '"2RDTC1FXLMCAK7RZJQQRX1SDT"',
286 verbose headers   'content-type': 'application/json',
286 verbose headers   'cache-control': 'max-age=300',
286 verbose headers   'content-length': '30005',
286 verbose headers   'accept-ranges': 'bytes',
286 verbose headers   date: 'Fri, 12 Feb 2016 03:34:03 GMT',
286 verbose headers   via: '1.1 varnish',
286 verbose headers   age: '21',
286 verbose headers   connection: 'keep-alive',
286 verbose headers   'x-served-by': 'cache-ord1720-ORD',
286 verbose headers   'x-cache': 'HIT',
286 verbose headers   'x-cache-hits': '1',
286 verbose headers   'x-timer': 'S1455248043.371869,VS0,VE0',
286 verbose headers   vary: 'Accept' }
287 silly get cb [ 200,
287 silly get   { server: 'CouchDB/1.5.0 (Erlang OTP/R16B03)',
287 silly get     etag: '"2RDTC1FXLMCAK7RZJQQRX1SDT"',
287 silly get     'content-type': 'application/json',
287 silly get     'cache-control': 'max-age=300',
287 silly get     'content-length': '30005',
287 silly get     'accept-ranges': 'bytes',
287 silly get     date: 'Fri, 12 Feb 2016 03:34:03 GMT',
287 silly get     via: '1.1 varnish',
287 silly get     age: '21',
287 silly get     connection: 'keep-alive',
287 silly get     'x-served-by': 'cache-ord1720-ORD',
287 silly get     'x-cache': 'HIT',
287 silly get     'x-cache-hits': '1',
287 silly get     'x-timer': 'S1455248043.371869,VS0,VE0',
287 silly get     vary: 'Accept' } ]
288 verbose get saving orchestrator to /home/ravitejas3/.npm/registry.npmjs.org/orchestrator/.cache.json
289 verbose correctMkdir /home/ravitejas3/.npm correctMkdir not in flight; initializing
290 silly resolveWithNewModule orchestrator@0.3.7 checking installable status
291 silly cache add args [ 'orchestrator@^0.3.0', null ]
292 verbose cache add spec orchestrator@^0.3.0
293 silly cache add parsed spec { raw: 'orchestrator@^0.3.0',
293 silly cache add   scope: null,
293 silly cache add   name: 'orchestrator',
293 silly cache add   rawSpec: '^0.3.0',
293 silly cache add   spec: '>=0.3.0 <0.4.0',
293 silly cache add   type: 'range' }
294 silly addNamed orchestrator@>=0.3.0 <0.4.0
295 verbose addNamed ">=0.3.0 <0.4.0" is a valid semver range for orchestrator
296 silly addNameRange { name: 'orchestrator', range: '>=0.3.0 <0.4.0', hasData: false }
297 silly mapToRegistry name orchestrator
298 silly mapToRegistry using default registry
299 silly mapToRegistry registry https://registry.npmjs.org/
300 silly mapToRegistry uri https://registry.npmjs.org/orchestrator
301 verbose addNameRange registry:https://registry.npmjs.org/orchestrator not in flight; fetching
302 verbose get https://registry.npmjs.org/orchestrator not expired, no request
303 silly addNameRange number 2 { name: 'orchestrator', range: '>=0.3.0 <0.4.0', hasData: true }
304 silly addNameRange versions [ 'orchestrator',
304 silly addNameRange   [ '0.0.2',
304 silly addNameRange     '0.0.3',
304 silly addNameRange     '0.0.4',
304 silly addNameRange     '0.0.5',
304 silly addNameRange     '0.0.6',
304 silly addNameRange     '0.0.7',
304 silly addNameRange     '0.0.8',
304 silly addNameRange     '0.1.0',
304 silly addNameRange     '0.2.0',
304 silly addNameRange     '0.2.1',
304 silly addNameRange     '0.3.0',
304 silly addNameRange     '0.3.1',
304 silly addNameRange     '0.3.3',
304 silly addNameRange     '0.3.4',
304 silly addNameRange     '0.3.5',
304 silly addNameRange     '0.3.6',
304 silly addNameRange     '0.3.7' ] ]
305 silly addNamed orchestrator@0.3.7
306 verbose addNamed "0.3.7" is a plain semver version for orchestrator
307 silly mapToRegistry name orchestrator
308 silly mapToRegistry using default registry
309 silly mapToRegistry registry https://registry.npmjs.org/
310 silly mapToRegistry uri https://registry.npmjs.org/orchestrator
311 verbose addRemoteTarball https://registry.npmjs.org/orchestrator/-/orchestrator-0.3.7.tgz not in flight; adding
312 verbose addRemoteTarball [ 'https://registry.npmjs.org/orchestrator/-/orchestrator-0.3.7.tgz',
312 verbose addRemoteTarball   'c45064e22c5a2a7b99734f409a95ffedc7d3c3df' ]
313 info retry fetch attempt 1 at 20:34:03
314 info attempt registry request try #1 at 20:34:03
315 http fetch GET https://registry.npmjs.org/orchestrator/-/orchestrator-0.3.7.tgz
316 http 200 https://registry.npmjs.org/gulp-util
317 verbose headers { server: 'CouchDB/1.5.0 (Erlang OTP/R16B03)',
317 verbose headers   etag: '"3WM3VXSNHWGSW4UJEZARG792U"',
317 verbose headers   'content-type': 'application/json',
317 verbose headers   'cache-control': 'max-age=300',
317 verbose headers   'content-length': '61744',
317 verbose headers   'accept-ranges': 'bytes',
317 verbose headers   date: 'Fri, 12 Feb 2016 03:34:03 GMT',
317 verbose headers   via: '1.1 varnish',
317 verbose headers   age: '39',
317 verbose headers   connection: 'keep-alive',
317 verbose headers   'x-served-by': 'cache-ord1732-ORD',
317 verbose headers   'x-cache': 'HIT',
317 verbose headers   'x-cache-hits': '1',
317 verbose headers   'x-timer': 'S1455248043.313620,VS0,VE0',
317 verbose headers   vary: 'Accept' }
318 silly get cb [ 200,
318 silly get   { server: 'CouchDB/1.5.0 (Erlang OTP/R16B03)',
318 silly get     etag: '"3WM3VXSNHWGSW4UJEZARG792U"',
318 silly get     'content-type': 'application/json',
318 silly get     'cache-control': 'max-age=300',
318 silly get     'content-length': '61744',
318 silly get     'accept-ranges': 'bytes',
318 silly get     date: 'Fri, 12 Feb 2016 03:34:03 GMT',
318 silly get     via: '1.1 varnish',
318 silly get     age: '39',
318 silly get     connection: 'keep-alive',
318 silly get     'x-served-by': 'cache-ord1732-ORD',
318 silly get     'x-cache': 'HIT',
318 silly get     'x-cache-hits': '1',
318 silly get     'x-timer': 'S1455248043.313620,VS0,VE0',
318 silly get     vary: 'Accept' } ]
319 verbose get saving gulp-util to /home/ravitejas3/.npm/registry.npmjs.org/gulp-util/.cache.json
320 verbose correctMkdir /home/ravitejas3/.npm correctMkdir not in flight; initializing
321 silly resolveWithNewModule gulp-util@3.0.7 checking installable status
322 silly cache add args [ 'gulp-util@^3.0.0', null ]
323 verbose cache add spec gulp-util@^3.0.0
324 silly cache add parsed spec { raw: 'gulp-util@^3.0.0',
324 silly cache add   scope: null,
324 silly cache add   name: 'gulp-util',
324 silly cache add   rawSpec: '^3.0.0',
324 silly cache add   spec: '>=3.0.0 <4.0.0',
324 silly cache add   type: 'range' }
325 silly addNamed gulp-util@>=3.0.0 <4.0.0
326 verbose addNamed ">=3.0.0 <4.0.0" is a valid semver range for gulp-util
327 silly addNameRange { name: 'gulp-util', range: '>=3.0.0 <4.0.0', hasData: false }
328 silly mapToRegistry name gulp-util
329 silly mapToRegistry using default registry
330 silly mapToRegistry registry https://registry.npmjs.org/
331 silly mapToRegistry uri https://registry.npmjs.org/gulp-util
332 verbose addNameRange registry:https://registry.npmjs.org/gulp-util not in flight; fetching
333 verbose get https://registry.npmjs.org/gulp-util not expired, no request
334 silly addNameRange number 2 { name: 'gulp-util', range: '>=3.0.0 <4.0.0', hasData: true }
335 silly addNameRange versions [ 'gulp-util',
335 silly addNameRange   [ '0.0.1',
335 silly addNameRange     '1.0.0',
335 silly addNameRange     '1.1.0',
335 silly addNameRange     '1.1.1',
335 silly addNameRange     '1.2.0',
335 silly addNameRange     '1.3.0',
335 silly addNameRange     '2.0.0',
335 silly addNameRange     '2.1.1',
335 silly addNameRange     '2.1.2',
335 silly addNameRange     '2.1.3',
335 silly addNameRange     '2.1.4',
335 silly addNameRange     '2.2.0',
335 silly addNameRange     '2.2.1',
335 silly addNameRange     '2.2.2',
335 silly addNameRange     '2.2.3',
335 silly addNameRange     '2.2.5',
335 silly addNameRange     '2.2.6',
335 silly addNameRange     '2.2.7',
335 silly addNameRange     '2.2.8',
335 silly addNameRange     '2.2.9',
335 silly addNameRange     '2.2.10',
335 silly addNameRange     '2.2.11',
335 silly addNameRange     '2.2.12',
335 silly addNameRange     '2.2.13',
335 silly addNameRange     '2.2.14',
335 silly addNameRange     '2.2.15',
335 silly addNameRange     '2.2.16',
335 silly addNameRange     '2.2.17',
335 silly addNameRange     '2.2.18',
335 silly addNameRange     '2.2.19',
335 silly addNameRange     '2.2.20',
335 silly addNameRange     '3.0.0',
335 silly addNameRange     '3.0.1',
335 silly addNameRange     '3.0.2',
335 silly addNameRange     '3.0.3',
335 silly addNameRange     '3.0.4',
335 silly addNameRange     '3.0.5',
335 silly addNameRange     '3.0.6',
335 silly addNameRange     '3.0.7' ] ]
336 silly addNamed gulp-util@3.0.7
337 verbose addNamed "3.0.7" is a plain semver version for gulp-util
338 silly mapToRegistry name gulp-util
339 silly mapToRegistry using default registry
340 silly mapToRegistry registry https://registry.npmjs.org/
341 silly mapToRegistry uri https://registry.npmjs.org/gulp-util
342 verbose addRemoteTarball https://registry.npmjs.org/gulp-util/-/gulp-util-3.0.7.tgz not in flight; adding
343 verbose addRemoteTarball [ 'https://registry.npmjs.org/gulp-util/-/gulp-util-3.0.7.tgz',
343 verbose addRemoteTarball   '78925c4b8f8b49005ac01a011c557e6218941cbb' ]
344 info retry fetch attempt 1 at 20:34:03
345 info attempt registry request try #1 at 20:34:03
346 http fetch GET https://registry.npmjs.org/gulp-util/-/gulp-util-3.0.7.tgz
347 http 200 https://registry.npmjs.org/liftoff
348 verbose headers { server: 'CouchDB/1.5.0 (Erlang OTP/R16B03)',
348 verbose headers   etag: '"CPDDPB3Q6UH1KYQ9NPKLQDKZB"',
348 verbose headers   'content-type': 'application/json',
348 verbose headers   'cache-control': 'max-age=300',
348 verbose headers   'content-length': '66578',
348 verbose headers   'accept-ranges': 'bytes',
348 verbose headers   date: 'Fri, 12 Feb 2016 03:34:03 GMT',
348 verbose headers   via: '1.1 varnish',
348 verbose headers   age: '87',
348 verbose headers   connection: 'keep-alive',
348 verbose headers   'x-served-by': 'cache-ord1725-ORD',
348 verbose headers   'x-cache': 'HIT',
348 verbose headers   'x-cache-hits': '3',
348 verbose headers   'x-timer': 'S1455248043.331961,VS0,VE0',
348 verbose headers   vary: 'Accept' }
349 silly get cb [ 200,
349 silly get   { server: 'CouchDB/1.5.0 (Erlang OTP/R16B03)',
349 silly get     etag: '"CPDDPB3Q6UH1KYQ9NPKLQDKZB"',
349 silly get     'content-type': 'application/json',
349 silly get     'cache-control': 'max-age=300',
349 silly get     'content-length': '66578',
349 silly get     'accept-ranges': 'bytes',
349 silly get     date: 'Fri, 12 Feb 2016 03:34:03 GMT',
349 silly get     via: '1.1 varnish',
349 silly get     age: '87',
349 silly get     connection: 'keep-alive',
349 silly get     'x-served-by': 'cache-ord1725-ORD',
349 silly get     'x-cache': 'HIT',
349 silly get     'x-cache-hits': '3',
349 silly get     'x-timer': 'S1455248043.331961,VS0,VE0',
349 silly get     vary: 'Accept' } ]
350 verbose get saving liftoff to /home/ravitejas3/.npm/registry.npmjs.org/liftoff/.cache.json
351 verbose correctMkdir /home/ravitejas3/.npm correctMkdir not in flight; initializing
352 silly resolveWithNewModule liftoff@2.2.0 checking installable status
353 silly cache add args [ 'liftoff@^2.1.0', null ]
354 verbose cache add spec liftoff@^2.1.0
355 silly cache add parsed spec { raw: 'liftoff@^2.1.0',
355 silly cache add   scope: null,
355 silly cache add   name: 'liftoff',
355 silly cache add   rawSpec: '^2.1.0',
355 silly cache add   spec: '>=2.1.0 <3.0.0',
355 silly cache add   type: 'range' }
356 silly addNamed liftoff@>=2.1.0 <3.0.0
357 verbose addNamed ">=2.1.0 <3.0.0" is a valid semver range for liftoff
358 silly addNameRange { name: 'liftoff', range: '>=2.1.0 <3.0.0', hasData: false }
359 silly mapToRegistry name liftoff
360 silly mapToRegistry using default registry
361 silly mapToRegistry registry https://registry.npmjs.org/
362 silly mapToRegistry uri https://registry.npmjs.org/liftoff
363 verbose addNameRange registry:https://registry.npmjs.org/liftoff not in flight; fetching
364 verbose get https://registry.npmjs.org/liftoff not expired, no request
365 silly addNameRange number 2 { name: 'liftoff', range: '>=2.1.0 <3.0.0', hasData: true }
366 silly addNameRange versions [ 'liftoff',
366 silly addNameRange   [ '0.1.0',
366 silly addNameRange     '0.2.0',
366 silly addNameRange     '0.3.0',
366 silly addNameRange     '0.4.0',
366 silly addNameRange     '0.5.0',
366 silly addNameRange     '0.6.0',
366 silly addNameRange     '0.7.0',
366 silly addNameRange     '0.8.0',
366 silly addNameRange     '0.8.1',
366 silly addNameRange     '0.8.2',
366 silly addNameRange     '0.8.3',
366 silly addNameRange     '0.8.4',
366 silly addNameRange     '0.8.5',
366 silly addNameRange     '0.8.6',
366 silly addNameRange     '0.8.7',
366 silly addNameRange     '0.9.0',
366 silly addNameRange     '0.9.1',
366 silly addNameRange     '0.9.2',
366 silly addNameRange     '0.9.3',
366 silly addNameRange     '0.9.4',
366 silly addNameRange     '0.9.5',
366 silly addNameRange     '0.9.6',
366 silly addNameRange     '0.9.7',
366 silly addNameRange     '0.9.8',
366 silly addNameRange     '0.10.0',
366 silly addNameRange     '0.11.0',
366 silly addNameRange     '0.11.1',
366 silly addNameRange     '0.11.2',
366 silly addNameRange     '0.11.3',
366 silly addNameRange     '0.12.0',
366 silly addNameRange     '0.12.1',
366 silly addNameRange     '0.13.0',
366 silly addNameRange     '0.13.1',
366 silly addNameRange     '0.13.2',
366 silly addNameRange     '0.13.3',
366 silly addNameRange     '0.13.5',
366 silly addNameRange     '0.13.6',
366 silly addNameRange     '1.0.0',
366 silly addNameRange     '1.0.2',
366 silly addNameRange     '1.0.3',
366 silly addNameRange     '1.0.4',
366 silly addNameRange     '2.0.0',
366 silly addNameRange     '2.0.1',
366 silly addNameRange     '2.0.2',
366 silly addNameRange     '2.0.3',
366 silly addNameRange     '2.1.0',
366 silly addNameRange     '2.2.0' ] ]
367 silly addNamed liftoff@2.2.0
368 verbose addNamed "2.2.0" is a plain semver version for liftoff
369 silly mapToRegistry name liftoff
370 silly mapToRegistry using default registry
371 silly mapToRegistry registry https://registry.npmjs.org/
372 silly mapToRegistry uri https://registry.npmjs.org/liftoff
373 verbose addRemoteTarball https://registry.npmjs.org/liftoff/-/liftoff-2.2.0.tgz not in flight; adding
374 verbose addRemoteTarball [ 'https://registry.npmjs.org/liftoff/-/liftoff-2.2.0.tgz',
374 verbose addRemoteTarball   'f5fcfa4583113159d12935a8a0616f50128b5753' ]
375 info retry fetch attempt 1 at 20:34:03
376 info attempt registry request try #1 at 20:34:03
377 http fetch GET https://registry.npmjs.org/liftoff/-/liftoff-2.2.0.tgz
378 http 200 https://registry.npmjs.org/v8flags
379 verbose headers { server: 'CouchDB/1.5.0 (Erlang OTP/R16B03)',
379 verbose headers   etag: '"91F3IR7KMPQ3PHAK5CI86KDXJ"',
379 verbose headers   'content-type': 'application/json',
379 verbose headers   'cache-control': 'max-age=300',
379 verbose headers   'content-length': '29202',
379 verbose headers   'accept-ranges': 'bytes',
379 verbose headers   date: 'Fri, 12 Feb 2016 03:34:03 GMT',
379 verbose headers   via: '1.1 varnish',
379 verbose headers   age: '93',
379 verbose headers   connection: 'keep-alive',
379 verbose headers   'x-served-by': 'cache-ord1732-ORD',
379 verbose headers   'x-cache': 'HIT',
379 verbose headers   'x-cache-hits': '1',
379 verbose headers   'x-timer': 'S1455248043.419949,VS0,VE0',
379 verbose headers   vary: 'Accept' }
380 silly get cb [ 200,
380 silly get   { server: 'CouchDB/1.5.0 (Erlang OTP/R16B03)',
380 silly get     etag: '"91F3IR7KMPQ3PHAK5CI86KDXJ"',
380 silly get     'content-type': 'application/json',
380 silly get     'cache-control': 'max-age=300',
380 silly get     'content-length': '29202',
380 silly get     'accept-ranges': 'bytes',
380 silly get     date: 'Fri, 12 Feb 2016 03:34:03 GMT',
380 silly get     via: '1.1 varnish',
380 silly get     age: '93',
380 silly get     connection: 'keep-alive',
380 silly get     'x-served-by': 'cache-ord1732-ORD',
380 silly get     'x-cache': 'HIT',
380 silly get     'x-cache-hits': '1',
380 silly get     'x-timer': 'S1455248043.419949,VS0,VE0',
380 silly get     vary: 'Accept' } ]
381 verbose get saving v8flags to /home/ravitejas3/.npm/registry.npmjs.org/v8flags/.cache.json
382 verbose correctMkdir /home/ravitejas3/.npm correctMkdir not in flight; initializing
383 silly resolveWithNewModule v8flags@2.0.11 checking installable status
384 silly cache add args [ 'v8flags@^2.0.2', null ]
385 verbose cache add spec v8flags@^2.0.2
386 silly cache add parsed spec { raw: 'v8flags@^2.0.2',
386 silly cache add   scope: null,
386 silly cache add   name: 'v8flags',
386 silly cache add   rawSpec: '^2.0.2',
386 silly cache add   spec: '>=2.0.2 <3.0.0',
386 silly cache add   type: 'range' }
387 silly addNamed v8flags@>=2.0.2 <3.0.0
388 verbose addNamed ">=2.0.2 <3.0.0" is a valid semver range for v8flags
389 silly addNameRange { name: 'v8flags', range: '>=2.0.2 <3.0.0', hasData: false }
390 silly mapToRegistry name v8flags
391 silly mapToRegistry using default registry
392 silly mapToRegistry registry https://registry.npmjs.org/
393 silly mapToRegistry uri https://registry.npmjs.org/v8flags
394 verbose addNameRange registry:https://registry.npmjs.org/v8flags not in flight; fetching
395 verbose get https://registry.npmjs.org/v8flags not expired, no request
396 silly addNameRange number 2 { name: 'v8flags', range: '>=2.0.2 <3.0.0', hasData: true }
397 silly addNameRange versions [ 'v8flags',
397 silly addNameRange   [ '0.1.0',
397 silly addNameRange     '0.2.0',
397 silly addNameRange     '0.3.0',
397 silly addNameRange     '1.0.0',
397 silly addNameRange     '1.0.1',
397 silly addNameRange     '1.0.2',
397 silly addNameRange     '1.0.3',
397 silly addNameRange     '1.0.4',
397 silly addNameRange     '1.0.5',
397 silly addNameRange     '1.0.6',
397 silly addNameRange     '1.0.7',
397 silly addNameRange     '1.0.8',
397 silly addNameRange     '2.0.0',
397 silly addNameRange     '2.0.2',
397 silly addNameRange     '2.0.3',
397 silly addNameRange     '2.0.4',
397 silly addNameRange     '2.0.5',
397 silly addNameRange     '2.0.6',
397 silly addNameRange     '2.0.7',
397 silly addNameRange     '2.0.8',
397 silly addNameRange     '2.0.9',
397 silly addNameRange     '2.0.10',
397 silly addNameRange     '2.0.11' ] ]
398 silly addNamed v8flags@2.0.11
399 verbose addNamed "2.0.11" is a plain semver version for v8flags
400 silly mapToRegistry name v8flags
401 silly mapToRegistry using default registry
402 silly mapToRegistry registry https://registry.npmjs.org/
403 silly mapToRegistry uri https://registry.npmjs.org/v8flags
404 verbose addRemoteTarball https://registry.npmjs.org/v8flags/-/v8flags-2.0.11.tgz not in flight; adding
405 verbose addRemoteTarball [ 'https://registry.npmjs.org/v8flags/-/v8flags-2.0.11.tgz',
405 verbose addRemoteTarball   'bca8f30f0d6d60612cc2c00641e6962d42ae6881' ]
406 info retry fetch attempt 1 at 20:34:03
407 info attempt registry request try #1 at 20:34:03
408 http fetch GET https://registry.npmjs.org/v8flags/-/v8flags-2.0.11.tgz
409 http 200 https://registry.npmjs.org/archy
410 verbose headers { server: 'CouchDB/1.5.0 (Erlang OTP/R16B03)',
410 verbose headers   etag: '"41JM9V2D8MRSYCQ7XCY21QAU1"',
410 verbose headers   'content-type': 'application/json',
410 verbose headers   'cache-control': 'max-age=300',
410 verbose headers   'content-length': '6938',
410 verbose headers   'accept-ranges': 'bytes',
410 verbose headers   date: 'Fri, 12 Feb 2016 03:34:03 GMT',
410 verbose headers   via: '1.1 varnish',
410 verbose headers   age: '23',
410 verbose headers   connection: 'keep-alive',
410 verbose headers   'x-served-by': 'cache-ord1720-ORD',
410 verbose headers   'x-cache': 'HIT',
410 verbose headers   'x-cache-hits': '1',
410 verbose headers   'x-timer': 'S1455248043.534111,VS0,VE0',
410 verbose headers   vary: 'Accept' }
411 silly get cb [ 200,
411 silly get   { server: 'CouchDB/1.5.0 (Erlang OTP/R16B03)',
411 silly get     etag: '"41JM9V2D8MRSYCQ7XCY21QAU1"',
411 silly get     'content-type': 'application/json',
411 silly get     'cache-control': 'max-age=300',
411 silly get     'content-length': '6938',
411 silly get     'accept-ranges': 'bytes',
411 silly get     date: 'Fri, 12 Feb 2016 03:34:03 GMT',
411 silly get     via: '1.1 varnish',
411 silly get     age: '23',
411 silly get     connection: 'keep-alive',
411 silly get     'x-served-by': 'cache-ord1720-ORD',
411 silly get     'x-cache': 'HIT',
411 silly get     'x-cache-hits': '1',
411 silly get     'x-timer': 'S1455248043.534111,VS0,VE0',
411 silly get     vary: 'Accept' } ]
412 verbose get saving archy to /home/ravitejas3/.npm/registry.npmjs.org/archy/.cache.json
413 verbose correctMkdir /home/ravitejas3/.npm correctMkdir not in flight; initializing
414 silly resolveWithNewModule archy@1.0.0 checking installable status
415 silly cache add args [ 'archy@^1.0.0', null ]
416 verbose cache add spec archy@^1.0.0
417 silly cache add parsed spec { raw: 'archy@^1.0.0',
417 silly cache add   scope: null,
417 silly cache add   name: 'archy',
417 silly cache add   rawSpec: '^1.0.0',
417 silly cache add   spec: '>=1.0.0 <2.0.0',
417 silly cache add   type: 'range' }
418 silly addNamed archy@>=1.0.0 <2.0.0
419 verbose addNamed ">=1.0.0 <2.0.0" is a valid semver range for archy
420 silly addNameRange { name: 'archy', range: '>=1.0.0 <2.0.0', hasData: false }
421 silly mapToRegistry name archy
422 silly mapToRegistry using default registry
423 silly mapToRegistry registry https://registry.npmjs.org/
424 silly mapToRegistry uri https://registry.npmjs.org/archy
425 verbose addNameRange registry:https://registry.npmjs.org/archy not in flight; fetching
426 verbose get https://registry.npmjs.org/archy not expired, no request
427 silly addNameRange number 2 { name: 'archy', range: '>=1.0.0 <2.0.0', hasData: true }
428 silly addNameRange versions [ 'archy', [ '0.0.0', '0.0.1', '0.0.2', '1.0.0' ] ]
429 silly addNamed archy@1.0.0
430 verbose addNamed "1.0.0" is a plain semver version for archy
431 silly mapToRegistry name archy
432 silly mapToRegistry using default registry
433 silly mapToRegistry registry https://registry.npmjs.org/
434 silly mapToRegistry uri https://registry.npmjs.org/archy
435 verbose addRemoteTarball https://registry.npmjs.org/archy/-/archy-1.0.0.tgz not in flight; adding
436 verbose addRemoteTarball [ 'https://registry.npmjs.org/archy/-/archy-1.0.0.tgz',
436 verbose addRemoteTarball   'f9c8c13757cc1dd7bc379ac77b2c62a5c2868c40' ]
437 info retry fetch attempt 1 at 20:34:03
438 info attempt registry request try #1 at 20:34:03
439 http fetch GET https://registry.npmjs.org/archy/-/archy-1.0.0.tgz
440 http 304 https://registry.npmjs.org/chalk
441 verbose headers { date: 'Fri, 12 Feb 2016 03:34:03 GMT',
441 verbose headers   via: '1.1 varnish',
441 verbose headers   'cache-control': 'max-age=300',
441 verbose headers   etag: '"87NQ7W8R4SYILAFYAEC7CFKD1"',
441 verbose headers   age: '291',
441 verbose headers   connection: 'keep-alive',
441 verbose headers   'x-served-by': 'cache-ord1732-ORD',
441 verbose headers   'x-cache': 'HIT',
441 verbose headers   'x-cache-hits': '14',
441 verbose headers   'x-timer': 'S1455248043.573249,VS0,VE0',
441 verbose headers   vary: 'Accept' }
442 silly get cb [ 304,
442 silly get   { date: 'Fri, 12 Feb 2016 03:34:03 GMT',
442 silly get     via: '1.1 varnish',
442 silly get     'cache-control': 'max-age=300',
442 silly get     etag: '"87NQ7W8R4SYILAFYAEC7CFKD1"',
442 silly get     age: '291',
442 silly get     connection: 'keep-alive',
442 silly get     'x-served-by': 'cache-ord1732-ORD',
442 silly get     'x-cache': 'HIT',
442 silly get     'x-cache-hits': '14',
442 silly get     'x-timer': 'S1455248043.573249,VS0,VE0',
442 silly get     vary: 'Accept' } ]
443 verbose etag https://registry.npmjs.org/chalk from cache
444 verbose get saving chalk to /home/ravitejas3/.npm/registry.npmjs.org/chalk/.cache.json
445 verbose correctMkdir /home/ravitejas3/.npm correctMkdir not in flight; initializing
446 silly resolveWithNewModule chalk@1.1.1 checking installable status
447 silly cache add args [ 'chalk@^1.0.0', null ]
448 verbose cache add spec chalk@^1.0.0
449 silly cache add parsed spec { raw: 'chalk@^1.0.0',
449 silly cache add   scope: null,
449 silly cache add   name: 'chalk',
449 silly cache add   rawSpec: '^1.0.0',
449 silly cache add   spec: '>=1.0.0 <2.0.0',
449 silly cache add   type: 'range' }
450 silly addNamed chalk@>=1.0.0 <2.0.0
451 verbose addNamed ">=1.0.0 <2.0.0" is a valid semver range for chalk
452 silly addNameRange { name: 'chalk', range: '>=1.0.0 <2.0.0', hasData: false }
453 silly mapToRegistry name chalk
454 silly mapToRegistry using default registry
455 silly mapToRegistry registry https://registry.npmjs.org/
456 silly mapToRegistry uri https://registry.npmjs.org/chalk
457 verbose addNameRange registry:https://registry.npmjs.org/chalk not in flight; fetching
458 verbose get https://registry.npmjs.org/chalk not expired, no request
459 silly addNameRange number 2 { name: 'chalk', range: '>=1.0.0 <2.0.0', hasData: true }
460 silly addNameRange versions [ 'chalk',
460 silly addNameRange   [ '0.1.0',
460 silly addNameRange     '0.1.1',
460 silly addNameRange     '0.2.0',
460 silly addNameRange     '0.2.1',
460 silly addNameRange     '0.3.0',
460 silly addNameRange     '0.4.0',
460 silly addNameRange     '0.5.0',
460 silly addNameRange     '0.5.1',
460 silly addNameRange     '1.0.0',
460 silly addNameRange     '1.1.0',
460 silly addNameRange     '1.1.1' ] ]
461 silly addNamed chalk@1.1.1
462 verbose addNamed "1.1.1" is a plain semver version for chalk
463 http 304 https://registry.npmjs.org/minimist
464 verbose headers { date: 'Fri, 12 Feb 2016 03:34:03 GMT',
464 verbose headers   via: '1.1 varnish',
464 verbose headers   'cache-control': 'max-age=300',
464 verbose headers   etag: '"DPBQ4VEX8XUZATO52W82S3LBM"',
464 verbose headers   age: '116',
464 verbose headers   connection: 'keep-alive',
464 verbose headers   'x-served-by': 'cache-ord1725-ORD',
464 verbose headers   'x-cache': 'HIT',
464 verbose headers   'x-cache-hits': '5',
464 verbose headers   'x-timer': 'S1455248043.588403,VS0,VE0',
464 verbose headers   vary: 'Accept' }
465 silly get cb [ 304,
465 silly get   { date: 'Fri, 12 Feb 2016 03:34:03 GMT',
465 silly get     via: '1.1 varnish',
465 silly get     'cache-control': 'max-age=300',
465 silly get     etag: '"DPBQ4VEX8XUZATO52W82S3LBM"',
465 silly get     age: '116',
465 silly get     connection: 'keep-alive',
465 silly get     'x-served-by': 'cache-ord1725-ORD',
465 silly get     'x-cache': 'HIT',
465 silly get     'x-cache-hits': '5',
465 silly get     'x-timer': 'S1455248043.588403,VS0,VE0',
465 silly get     vary: 'Accept' } ]
466 verbose etag https://registry.npmjs.org/minimist from cache
467 verbose get saving minimist to /home/ravitejas3/.npm/registry.npmjs.org/minimist/.cache.json
468 verbose correctMkdir /home/ravitejas3/.npm correctMkdir not in flight; initializing
469 silly resolveWithNewModule minimist@1.2.0 checking installable status
470 silly cache add args [ 'minimist@^1.1.0', null ]
471 verbose cache add spec minimist@^1.1.0
472 silly cache add parsed spec { raw: 'minimist@^1.1.0',
472 silly cache add   scope: null,
472 silly cache add   name: 'minimist',
472 silly cache add   rawSpec: '^1.1.0',
472 silly cache add   spec: '>=1.1.0 <2.0.0',
472 silly cache add   type: 'range' }
473 silly addNamed minimist@>=1.1.0 <2.0.0
474 verbose addNamed ">=1.1.0 <2.0.0" is a valid semver range for minimist
475 silly addNameRange { name: 'minimist', range: '>=1.1.0 <2.0.0', hasData: false }
476 silly mapToRegistry name minimist
477 silly mapToRegistry using default registry
478 silly mapToRegistry registry https://registry.npmjs.org/
479 silly mapToRegistry uri https://registry.npmjs.org/minimist
480 verbose addNameRange registry:https://registry.npmjs.org/minimist not in flight; fetching
481 verbose get https://registry.npmjs.org/minimist not expired, no request
482 silly addNameRange number 2 { name: 'minimist', range: '>=1.1.0 <2.0.0', hasData: true }
483 silly addNameRange versions [ 'minimist',
483 silly addNameRange   [ '0.0.0',
483 silly addNameRange     '0.0.1',
483 silly addNameRange     '0.0.2',
483 silly addNameRange     '0.0.3',
483 silly addNameRange     '0.0.4',
483 silly addNameRange     '0.0.5',
483 silly addNameRange     '0.0.6',
483 silly addNameRange     '0.0.7',
483 silly addNameRange     '0.0.8',
483 silly addNameRange     '0.0.9',
483 silly addNameRange     '0.0.10',
483 silly addNameRange     '0.1.0',
483 silly addNameRange     '0.2.0',
483 silly addNameRange     '1.0.0',
483 silly addNameRange     '1.1.0',
483 silly addNameRange     '1.1.1',
483 silly addNameRange     '1.1.2',
483 silly addNameRange     '1.1.3',
483 silly addNameRange     '1.2.0' ] ]
484 silly addNamed minimist@1.2.0
485 verbose addNamed "1.2.0" is a plain semver version for minimist
486 http 304 https://registry.npmjs.org/semver
487 verbose headers { date: 'Fri, 12 Feb 2016 03:34:03 GMT',
487 verbose headers   via: '1.1 varnish',
487 verbose headers   'cache-control': 'max-age=300',
487 verbose headers   etag: '"9GG2YTTRYCB0LO0F649BP4N6J"',
487 verbose headers   age: '200',
487 verbose headers   connection: 'keep-alive',
487 verbose headers   'x-served-by': 'cache-ord1732-ORD',
487 verbose headers   'x-cache': 'HIT',
487 verbose headers   'x-cache-hits': '5',
487 verbose headers   'x-timer': 'S1455248043.598541,VS0,VE0',
487 verbose headers   vary: 'Accept' }
488 silly get cb [ 304,
488 silly get   { date: 'Fri, 12 Feb 2016 03:34:03 GMT',
488 silly get     via: '1.1 varnish',
488 silly get     'cache-control': 'max-age=300',
488 silly get     etag: '"9GG2YTTRYCB0LO0F649BP4N6J"',
488 silly get     age: '200',
488 silly get     connection: 'keep-alive',
488 silly get     'x-served-by': 'cache-ord1732-ORD',
488 silly get     'x-cache': 'HIT',
488 silly get     'x-cache-hits': '5',
488 silly get     'x-timer': 'S1455248043.598541,VS0,VE0',
488 silly get     vary: 'Accept' } ]
489 verbose etag https://registry.npmjs.org/semver from cache
490 verbose get saving semver to /home/ravitejas3/.npm/registry.npmjs.org/semver/.cache.json
491 verbose correctMkdir /home/ravitejas3/.npm correctMkdir not in flight; initializing
492 silly resolveWithNewModule semver@4.3.6 checking installable status
493 silly cache add args [ 'semver@^4.1.0', null ]
494 verbose cache add spec semver@^4.1.0
495 silly cache add parsed spec { raw: 'semver@^4.1.0',
495 silly cache add   scope: null,
495 silly cache add   name: 'semver',
495 silly cache add   rawSpec: '^4.1.0',
495 silly cache add   spec: '>=4.1.0 <5.0.0',
495 silly cache add   type: 'range' }
496 silly addNamed semver@>=4.1.0 <5.0.0
497 verbose addNamed ">=4.1.0 <5.0.0" is a valid semver range for semver
498 silly addNameRange { name: 'semver', range: '>=4.1.0 <5.0.0', hasData: false }
499 silly mapToRegistry name semver
500 silly mapToRegistry using default registry
501 silly mapToRegistry registry https://registry.npmjs.org/
502 silly mapToRegistry uri https://registry.npmjs.org/semver
503 verbose addNameRange registry:https://registry.npmjs.org/semver not in flight; fetching
504 verbose get https://registry.npmjs.org/semver not expired, no request
505 silly addNameRange number 2 { name: 'semver', range: '>=4.1.0 <5.0.0', hasData: true }
506 silly addNameRange versions [ 'semver',
506 silly addNameRange   [ '1.0.0',
506 silly addNameRange     '1.0.1',
506 silly addNameRange     '1.0.2',
506 silly addNameRange     '1.0.3',
506 silly addNameRange     '1.0.4',
506 silly addNameRange     '1.0.5',
506 silly addNameRange     '1.0.6',
506 silly addNameRange     '1.0.7',
506 silly addNameRange     '1.0.8',
506 silly addNameRange     '1.0.9',
506 silly addNameRange     '1.0.10',
506 silly addNameRange     '1.0.11',
506 silly addNameRange     '1.0.12',
506 silly addNameRange     '1.0.13',
506 silly addNameRange     '1.0.14',
506 silly addNameRange     '1.1.0',
506 silly addNameRange     '1.1.1',
506 silly addNameRange     '1.1.2',
506 silly addNameRange     '1.1.3',
506 silly addNameRange     '1.1.4',
506 silly addNameRange     '2.0.0-alpha',
506 silly addNameRange     '2.0.0-beta',
506 silly addNameRange     '2.0.1',
506 silly addNameRange     '2.0.2',
506 silly addNameRange     '2.0.3',
506 silly addNameRange     '2.0.4',
506 silly addNameRange     '2.0.5',
506 silly addNameRange     '2.0.6',
506 silly addNameRange     '2.0.7',
506 silly addNameRange     '2.0.8',
506 silly addNameRange     '2.0.9',
506 silly addNameRange     '2.0.10',
506 silly addNameRange     '2.0.11',
506 silly addNameRange     '2.1.0',
506 silly addNameRange     '2.2.0',
506 silly addNameRange     '2.2.1',
506 silly addNameRange     '2.3.0',
506 silly addNameRange     '2.3.1',
506 silly addNameRange     '2.3.2',
506 silly addNameRange     '3.0.0',
506 silly addNameRange     '3.0.1',
506 silly addNameRange     '4.0.0',
506 silly addNameRange     '4.0.2',
506 silly addNameRange     '4.0.3',
506 silly addNameRange     '4.1.0',
506 silly addNameRange     '4.1.1',
506 silly addNameRange     '4.2.0',
506 silly addNameRange     '4.2.1',
506 silly addNameRange     '4.2.2',
506 silly addNameRange     '4.3.0',
506 silly addNameRange     '4.3.1',
506 silly addNameRange     '4.3.2',
506 silly addNameRange     '4.3.3',
506 silly addNameRange     '4.3.4',
506 silly addNameRange     '4.3.5',
506 silly addNameRange     '4.3.6',
506 silly addNameRange     '5.0.0',
506 silly addNameRange     '5.0.1',
506 silly addNameRange     '5.0.2',
506 silly addNameRange     '5.0.3',
506 silly addNameRange     '5.1.0' ] ]
507 silly addNamed semver@4.3.6
508 verbose addNamed "4.3.6" is a plain semver version for semver
509 http 304 https://registry.npmjs.org/interpret
510 verbose headers { date: 'Fri, 12 Feb 2016 03:34:03 GMT',
510 verbose headers   via: '1.1 varnish',
510 verbose headers   'cache-control': 'max-age=300',
510 verbose headers   etag: '"6OMB7EGGRO1EVB5KZMER48B7L"',
510 verbose headers   age: '161',
510 verbose headers   connection: 'keep-alive',
510 verbose headers   'x-served-by': 'cache-ord1720-ORD',
510 verbose headers   'x-cache': 'HIT',
510 verbose headers   'x-cache-hits': '1',
510 verbose headers   'x-timer': 'S1455248043.616657,VS0,VE0',
510 verbose headers   vary: 'Accept' }
511 silly get cb [ 304,
511 silly get   { date: 'Fri, 12 Feb 2016 03:34:03 GMT',
511 silly get     via: '1.1 varnish',
511 silly get     'cache-control': 'max-age=300',
511 silly get     etag: '"6OMB7EGGRO1EVB5KZMER48B7L"',
511 silly get     age: '161',
511 silly get     connection: 'keep-alive',
511 silly get     'x-served-by': 'cache-ord1720-ORD',
511 silly get     'x-cache': 'HIT',
511 silly get     'x-cache-hits': '1',
511 silly get     'x-timer': 'S1455248043.616657,VS0,VE0',
511 silly get     vary: 'Accept' } ]
512 verbose etag https://registry.npmjs.org/interpret from cache
513 verbose get saving interpret to /home/ravitejas3/.npm/registry.npmjs.org/interpret/.cache.json
514 verbose correctMkdir /home/ravitejas3/.npm correctMkdir not in flight; initializing
515 silly resolveWithNewModule interpret@1.0.0 checking installable status
516 silly cache add args [ 'interpret@^1.0.0', null ]
517 verbose cache add spec interpret@^1.0.0
518 silly cache add parsed spec { raw: 'interpret@^1.0.0',
518 silly cache add   scope: null,
518 silly cache add   name: 'interpret',
518 silly cache add   rawSpec: '^1.0.0',
518 silly cache add   spec: '>=1.0.0 <2.0.0',
518 silly cache add   type: 'range' }
519 silly addNamed interpret@>=1.0.0 <2.0.0
520 verbose addNamed ">=1.0.0 <2.0.0" is a valid semver range for interpret
521 silly addNameRange { name: 'interpret', range: '>=1.0.0 <2.0.0', hasData: false }
522 silly mapToRegistry name interpret
523 silly mapToRegistry using default registry
524 silly mapToRegistry registry https://registry.npmjs.org/
525 silly mapToRegistry uri https://registry.npmjs.org/interpret
526 verbose addNameRange registry:https://registry.npmjs.org/interpret not in flight; fetching
527 verbose get https://registry.npmjs.org/interpret not expired, no request
528 silly addNameRange number 2 { name: 'interpret', range: '>=1.0.0 <2.0.0', hasData: true }
529 silly addNameRange versions [ 'interpret',
529 silly addNameRange   [ '0.1.0',
529 silly addNameRange     '0.2.0',
529 silly addNameRange     '0.3.0',
529 silly addNameRange     '0.3.1',
529 silly addNameRange     '0.3.2',
529 silly addNameRange     '0.3.3',
529 silly addNameRange     '0.3.4',
529 silly addNameRange     '0.3.5',
529 silly addNameRange     '0.3.6',
529 silly addNameRange     '0.3.7',
529 silly addNameRange     '0.3.8',
529 silly addNameRange     '0.3.9',
529 silly addNameRange     '0.3.10',
529 silly addNameRange     '0.4.0',
529 silly addNameRange     '0.4.1',
529 silly addNameRange     '0.4.2',
529 silly addNameRange     '0.4.3',
529 silly addNameRange     '0.5.0',
529 silly addNameRange     '0.5.1',
529 silly addNameRange     '0.5.2',
529 silly addNameRange     '0.6.0',
529 silly addNameRange     '0.6.1',
529 silly addNameRange     '0.6.2',
529 silly addNameRange     '0.6.3',
529 silly addNameRange     '0.6.4',
529 silly addNameRange     '0.6.5',
529 silly addNameRange     '0.6.6',
529 silly addNameRange     '1.0.0' ] ]
530 silly addNamed interpret@1.0.0
531 verbose addNamed "1.0.0" is a plain semver version for interpret
532 silly cache afterAdd minimist@1.2.0
533 verbose afterAdd /home/ravitejas3/.npm/minimist/1.2.0/package/package.json not in flight; writing
534 verbose correctMkdir /home/ravitejas3/.npm correctMkdir not in flight; initializing
535 verbose afterAdd /home/ravitejas3/.npm/minimist/1.2.0/package/package.json written
536 silly cache afterAdd semver@4.3.6
537 verbose afterAdd /home/ravitejas3/.npm/semver/4.3.6/package/package.json not in flight; writing
538 verbose correctMkdir /home/ravitejas3/.npm correctMkdir not in flight; initializing
539 verbose afterAdd /home/ravitejas3/.npm/semver/4.3.6/package/package.json written
540 silly cache afterAdd chalk@1.1.1
541 verbose afterAdd /home/ravitejas3/.npm/chalk/1.1.1/package/package.json not in flight; writing
542 verbose correctMkdir /home/ravitejas3/.npm correctMkdir not in flight; initializing
543 silly mapToRegistry name interpret
544 silly mapToRegistry using default registry
545 silly mapToRegistry registry https://registry.npmjs.org/
546 silly mapToRegistry uri https://registry.npmjs.org/interpret
547 verbose addRemoteTarball https://registry.npmjs.org/interpret/-/interpret-1.0.0.tgz not in flight; adding
548 verbose addRemoteTarball [ 'https://registry.npmjs.org/interpret/-/interpret-1.0.0.tgz',
548 verbose addRemoteTarball   '2a3338fa1c2bdbe58cdbfffabcbd0eb52b05241f' ]
549 info retry fetch attempt 1 at 20:34:03
550 info attempt registry request try #1 at 20:34:03
551 http fetch GET https://registry.npmjs.org/interpret/-/interpret-1.0.0.tgz
552 http 200 https://registry.npmjs.org/vinyl-fs
553 verbose headers { server: 'CouchDB/1.5.0 (Erlang OTP/R16B03)',
553 verbose headers   etag: '"ARMZWWHMZWYX78MRBF0D6RLX"',
553 verbose headers   'content-type': 'application/json',
553 verbose headers   'cache-control': 'max-age=300',
553 verbose headers   'content-length': '61167',
553 verbose headers   'accept-ranges': 'bytes',
553 verbose headers   date: 'Fri, 12 Feb 2016 03:34:03 GMT',
553 verbose headers   via: '1.1 varnish',
553 verbose headers   age: '269',
553 verbose headers   connection: 'keep-alive',
553 verbose headers   'x-served-by': 'cache-ord1729-ORD',
553 verbose headers   'x-cache': 'HIT',
553 verbose headers   'x-cache-hits': '1',
553 verbose headers   'x-timer': 'S1455248043.491527,VS0,VE0',
553 verbose headers   vary: 'Accept' }
554 silly get cb [ 200,
554 silly get   { server: 'CouchDB/1.5.0 (Erlang OTP/R16B03)',
554 silly get     etag: '"ARMZWWHMZWYX78MRBF0D6RLX"',
554 silly get     'content-type': 'application/json',
554 silly get     'cache-control': 'max-age=300',
554 silly get     'content-length': '61167',
554 silly get     'accept-ranges': 'bytes',
554 silly get     date: 'Fri, 12 Feb 2016 03:34:03 GMT',
554 silly get     via: '1.1 varnish',
554 silly get     age: '269',
554 silly get     connection: 'keep-alive',
554 silly get     'x-served-by': 'cache-ord1729-ORD',
554 silly get     'x-cache': 'HIT',
554 silly get     'x-cache-hits': '1',
554 silly get     'x-timer': 'S1455248043.491527,VS0,VE0',
554 silly get     vary: 'Accept' } ]
555 verbose get saving vinyl-fs to /home/ravitejas3/.npm/registry.npmjs.org/vinyl-fs/.cache.json
556 verbose correctMkdir /home/ravitejas3/.npm correctMkdir not in flight; initializing
557 http fetch 200 https://registry.npmjs.org/deprecated/-/deprecated-0.0.1.tgz
558 http fetch 200 https://registry.npmjs.org/pretty-hrtime/-/pretty-hrtime-1.0.1.tgz
559 silly fetchAndShaCheck shasum f9c9af5464afa1e7a971458a8bdef2aa94d5bb19
560 silly fetchAndShaCheck shasum 1e4f952a6dd71e79199b3a73f25d7997b694ba83
561 verbose addTmpTarball /tmp/npm-6759-fd5141f9/registry.npmjs.org/deprecated/-/deprecated-0.0.1.tgz not in flight; adding
562 verbose addTmpTarball already have metadata; skipping unpack for deprecated@0.0.1
563 verbose correctMkdir /home/ravitejas3/.npm correctMkdir not in flight; initializing
564 verbose addTmpTarball /tmp/npm-6759-fd5141f9/registry.npmjs.org/pretty-hrtime/-/pretty-hrtime-1.0.1.tgz not in flight; adding
565 verbose addTmpTarball already have metadata; skipping unpack for pretty-hrtime@1.0.1
566 verbose correctMkdir /home/ravitejas3/.npm correctMkdir not in flight; initializing
567 silly resolveWithNewModule vinyl-fs@0.3.14 checking installable status
568 silly cache add args [ 'vinyl-fs@^0.3.0', null ]
569 verbose cache add spec vinyl-fs@^0.3.0
570 silly cache add parsed spec { raw: 'vinyl-fs@^0.3.0',
570 silly cache add   scope: null,
570 silly cache add   name: 'vinyl-fs',
570 silly cache add   rawSpec: '^0.3.0',
570 silly cache add   spec: '>=0.3.0 <0.4.0',
570 silly cache add   type: 'range' }
571 silly addNamed vinyl-fs@>=0.3.0 <0.4.0
572 verbose addNamed ">=0.3.0 <0.4.0" is a valid semver range for vinyl-fs
573 silly addNameRange { name: 'vinyl-fs', range: '>=0.3.0 <0.4.0', hasData: false }
574 silly mapToRegistry name vinyl-fs
575 silly mapToRegistry using default registry
576 silly mapToRegistry registry https://registry.npmjs.org/
577 silly mapToRegistry uri https://registry.npmjs.org/vinyl-fs
578 verbose addNameRange registry:https://registry.npmjs.org/vinyl-fs not in flight; fetching
579 verbose get https://registry.npmjs.org/vinyl-fs not expired, no request
580 silly addNameRange number 2 { name: 'vinyl-fs', range: '>=0.3.0 <0.4.0', hasData: true }
581 silly addNameRange versions [ 'vinyl-fs',
581 silly addNameRange   [ '0.0.1',
581 silly addNameRange     '0.0.2',
581 silly addNameRange     '0.1.0',
581 silly addNameRange     '0.1.1',
581 silly addNameRange     '0.1.2',
581 silly addNameRange     '0.1.3',
581 silly addNameRange     '0.1.4',
581 silly addNameRange     '0.2.0',
581 silly addNameRange     '0.2.1',
581 silly addNameRange     '0.3.0',
581 silly addNameRange     '0.3.1',
581 silly addNameRange     '0.3.2',
581 silly addNameRange     '0.3.3',
581 silly addNameRange     '0.3.4',
581 silly addNameRange     '0.3.5',
581 silly addNameRange     '0.3.6',
581 silly addNameRange     '0.3.7',
581 silly addNameRange     '0.3.8',
581 silly addNameRange     '0.3.9',
581 silly addNameRange     '0.3.10',
581 silly addNameRange     '0.3.11',
581 silly addNameRange     '0.3.12',
581 silly addNameRange     '0.3.13',
581 silly addNameRange     '1.0.0',
581 silly addNameRange     '0.3.14',
581 silly addNameRange     '2.0.0',
581 silly addNameRange     '2.1.0',
581 silly addNameRange     '2.1.1',
581 silly addNameRange     '2.2.0',
581 silly addNameRange     '2.2.1',
581 silly addNameRange     '2.3.0',
581 silly addNameRange     '2.3.1' ] ]
582 silly addNamed vinyl-fs@0.3.14
583 verbose addNamed "0.3.14" is a plain semver version for vinyl-fs
584 silly mapToRegistry name vinyl-fs
585 silly mapToRegistry using default registry
586 silly mapToRegistry registry https://registry.npmjs.org/
587 silly mapToRegistry uri https://registry.npmjs.org/vinyl-fs
588 verbose addRemoteTarball https://registry.npmjs.org/vinyl-fs/-/vinyl-fs-0.3.14.tgz not in flight; adding
589 verbose addRemoteTarball [ 'https://registry.npmjs.org/vinyl-fs/-/vinyl-fs-0.3.14.tgz',
589 verbose addRemoteTarball   '9a6851ce1cac1c1cea5fe86c0931d620c2cfa9e6' ]
590 http fetch 200 https://registry.npmjs.org/tildify/-/tildify-1.1.2.tgz
591 silly fetchAndShaCheck shasum 9f611d8a2e93a5e50756db040f1cd2b7fd80859d
592 info retry fetch attempt 1 at 20:34:03
593 info attempt registry request try #1 at 20:34:03
594 http fetch GET https://registry.npmjs.org/vinyl-fs/-/vinyl-fs-0.3.14.tgz
595 verbose addTmpTarball /tmp/npm-6759-fd5141f9/registry.npmjs.org/tildify/-/tildify-1.1.2.tgz not in flight; adding
596 verbose addTmpTarball already have metadata; skipping unpack for tildify@1.1.2
597 verbose correctMkdir /home/ravitejas3/.npm correctMkdir not in flight; initializing
598 silly cache afterAdd deprecated@0.0.1
599 verbose afterAdd /home/ravitejas3/.npm/deprecated/0.0.1/package/package.json not in flight; writing
600 verbose correctMkdir /home/ravitejas3/.npm correctMkdir not in flight; initializing
601 silly cache afterAdd pretty-hrtime@1.0.1
602 verbose afterAdd /home/ravitejas3/.npm/pretty-hrtime/1.0.1/package/package.json not in flight; writing
603 verbose correctMkdir /home/ravitejas3/.npm correctMkdir not in flight; initializing
604 verbose afterAdd /home/ravitejas3/.npm/chalk/1.1.1/package/package.json written
605 verbose afterAdd /home/ravitejas3/.npm/deprecated/0.0.1/package/package.json written
606 verbose afterAdd /home/ravitejas3/.npm/pretty-hrtime/1.0.1/package/package.json written
607 http fetch 200 https://registry.npmjs.org/orchestrator/-/orchestrator-0.3.7.tgz
608 silly cache afterAdd tildify@1.1.2
609 verbose afterAdd /home/ravitejas3/.npm/tildify/1.1.2/package/package.json not in flight; writing
610 verbose correctMkdir /home/ravitejas3/.npm correctMkdir not in flight; initializing
611 silly fetchAndShaCheck shasum c45064e22c5a2a7b99734f409a95ffedc7d3c3df
612 verbose addTmpTarball /tmp/npm-6759-fd5141f9/registry.npmjs.org/orchestrator/-/orchestrator-0.3.7.tgz not in flight; adding
613 verbose addTmpTarball already have metadata; skipping unpack for orchestrator@0.3.7
614 verbose correctMkdir /home/ravitejas3/.npm correctMkdir not in flight; initializing
615 verbose afterAdd /home/ravitejas3/.npm/tildify/1.1.2/package/package.json written
616 silly cache afterAdd orchestrator@0.3.7
617 verbose afterAdd /home/ravitejas3/.npm/orchestrator/0.3.7/package/package.json not in flight; writing
618 verbose correctMkdir /home/ravitejas3/.npm correctMkdir not in flight; initializing
619 verbose afterAdd /home/ravitejas3/.npm/orchestrator/0.3.7/package/package.json written
620 http fetch 200 https://registry.npmjs.org/liftoff/-/liftoff-2.2.0.tgz
621 silly fetchAndShaCheck shasum f5fcfa4583113159d12935a8a0616f50128b5753
622 verbose addTmpTarball /tmp/npm-6759-fd5141f9/registry.npmjs.org/liftoff/-/liftoff-2.2.0.tgz not in flight; adding
623 verbose addTmpTarball already have metadata; skipping unpack for liftoff@2.2.0
624 verbose correctMkdir /home/ravitejas3/.npm correctMkdir not in flight; initializing
625 http fetch 200 https://registry.npmjs.org/gulp-util/-/gulp-util-3.0.7.tgz
626 http fetch 200 https://registry.npmjs.org/v8flags/-/v8flags-2.0.11.tgz
627 silly fetchAndShaCheck shasum 78925c4b8f8b49005ac01a011c557e6218941cbb
628 silly fetchAndShaCheck shasum bca8f30f0d6d60612cc2c00641e6962d42ae6881
629 verbose addTmpTarball /tmp/npm-6759-fd5141f9/registry.npmjs.org/gulp-util/-/gulp-util-3.0.7.tgz not in flight; adding
630 verbose addTmpTarball already have metadata; skipping unpack for gulp-util@3.0.7
631 verbose correctMkdir /home/ravitejas3/.npm correctMkdir not in flight; initializing
632 verbose addTmpTarball /tmp/npm-6759-fd5141f9/registry.npmjs.org/v8flags/-/v8flags-2.0.11.tgz not in flight; adding
633 verbose addTmpTarball already have metadata; skipping unpack for v8flags@2.0.11
634 verbose correctMkdir /home/ravitejas3/.npm correctMkdir not in flight; initializing
635 silly cache afterAdd liftoff@2.2.0
636 verbose afterAdd /home/ravitejas3/.npm/liftoff/2.2.0/package/package.json not in flight; writing
637 verbose correctMkdir /home/ravitejas3/.npm correctMkdir not in flight; initializing
638 verbose afterAdd /home/ravitejas3/.npm/liftoff/2.2.0/package/package.json written
639 silly cache afterAdd gulp-util@3.0.7
640 verbose afterAdd /home/ravitejas3/.npm/gulp-util/3.0.7/package/package.json not in flight; writing
641 verbose correctMkdir /home/ravitejas3/.npm correctMkdir not in flight; initializing
642 silly cache afterAdd v8flags@2.0.11
643 verbose afterAdd /home/ravitejas3/.npm/v8flags/2.0.11/package/package.json not in flight; writing
644 verbose correctMkdir /home/ravitejas3/.npm correctMkdir not in flight; initializing
645 verbose afterAdd /home/ravitejas3/.npm/gulp-util/3.0.7/package/package.json written
646 verbose afterAdd /home/ravitejas3/.npm/v8flags/2.0.11/package/package.json written
647 http fetch 200 https://registry.npmjs.org/archy/-/archy-1.0.0.tgz
648 silly fetchAndShaCheck shasum f9c8c13757cc1dd7bc379ac77b2c62a5c2868c40
649 verbose addTmpTarball /tmp/npm-6759-fd5141f9/registry.npmjs.org/archy/-/archy-1.0.0.tgz not in flight; adding
650 verbose addTmpTarball already have metadata; skipping unpack for archy@1.0.0
651 verbose correctMkdir /home/ravitejas3/.npm correctMkdir not in flight; initializing
652 silly cache afterAdd archy@1.0.0
653 verbose afterAdd /home/ravitejas3/.npm/archy/1.0.0/package/package.json not in flight; writing
654 verbose correctMkdir /home/ravitejas3/.npm correctMkdir not in flight; initializing
655 verbose afterAdd /home/ravitejas3/.npm/archy/1.0.0/package/package.json written
656 http fetch 200 https://registry.npmjs.org/interpret/-/interpret-1.0.0.tgz
657 silly fetchAndShaCheck shasum 2a3338fa1c2bdbe58cdbfffabcbd0eb52b05241f
658 verbose addTmpTarball /tmp/npm-6759-fd5141f9/registry.npmjs.org/interpret/-/interpret-1.0.0.tgz not in flight; adding
659 verbose addTmpTarball already have metadata; skipping unpack for interpret@1.0.0
660 verbose correctMkdir /home/ravitejas3/.npm correctMkdir not in flight; initializing
661 http fetch 200 https://registry.npmjs.org/vinyl-fs/-/vinyl-fs-0.3.14.tgz
662 silly fetchAndShaCheck shasum 9a6851ce1cac1c1cea5fe86c0931d620c2cfa9e6
663 verbose addTmpTarball /tmp/npm-6759-fd5141f9/registry.npmjs.org/vinyl-fs/-/vinyl-fs-0.3.14.tgz not in flight; adding
664 verbose addTmpTarball already have metadata; skipping unpack for vinyl-fs@0.3.14
665 verbose correctMkdir /home/ravitejas3/.npm correctMkdir not in flight; initializing
666 silly cache afterAdd vinyl-fs@0.3.14
667 verbose afterAdd /home/ravitejas3/.npm/vinyl-fs/0.3.14/package/package.json not in flight; writing
668 verbose correctMkdir /home/ravitejas3/.npm correctMkdir not in flight; initializing
669 verbose afterAdd /home/ravitejas3/.npm/vinyl-fs/0.3.14/package/package.json written
670 silly rollbackFailedOptional Starting
671 silly rollbackFailedOptional Finishing
672 silly runTopLevelLifecycles Starting
673 silly runTopLevelLifecycles Finishing
674 silly install printInstalled
675 verbose stack Error: EACCES, mkdir '/home/ravitejas3/.npm/interpret/1.0.0'
676 verbose cwd /home/ravitejas3/Documents/Learning React/newgradcareers/fix_git3/newgradcareers_server
677 error Linux 3.19.0-50-generic
678 error argv "node" "/usr/bin/npm" "install" "-g" "gulp"
679 error node v0.10.41
680 error npm  v3.7.1
681 error path /home/ravitejas3/.npm/interpret/1.0.0
682 error code EACCES
683 error errno 3
684 error Error: EACCES, mkdir '/home/ravitejas3/.npm/interpret/1.0.0'
684 error  { [Error: EACCES, mkdir '/home/ravitejas3/.npm/interpret/1.0.0']
684 error   errno: 3,
684 error   code: 'EACCES',
684 error   path: '/home/ravitejas3/.npm/interpret/1.0.0',
684 error   parent: 'gulp' }
685 error Please try running this command again as root/Administrator.
686 verbose exit [ 3, true ]
